<?xml version="1.0" encoding="UTF-8"?>
<testng-results skipped="0" failed="0" ignored="0" total="1" passed="1">
  <reporter-output>
  </reporter-output>
  <suite name="Default suite" duration-ms="15435" started-at="2019-03-04T07:02:21Z" finished-at="2019-03-04T07:02:36Z">
    <groups>
    </groups>
    <test name="Default test" duration-ms="15435" started-at="2019-03-04T07:02:21Z" finished-at="2019-03-04T07:02:36Z">
      <class name="com.anooky.testproject.GotoAnooky">
        <test-method status="PASS" signature="visitAnooky()[pri:0, instance:com.anooky.testproject.GotoAnooky@61832929]" name="visitAnooky" duration-ms="15414" started-at="2019-03-04T07:02:21Z" finished-at="2019-03-04T07:02:36Z">
          <reporter-output>
          </reporter-output>
        </test-method> <!-- visitAnooky -->
      </class> <!-- com.anooky.testproject.GotoAnooky -->
    </test> <!-- Default test -->
  </suite> <!-- Default suite -->
</testng-results>
